<?xml version="1.0" encoding="UTF-8"?>
<testsuite xmlns:xsi="http://www.w3.org/2001/XMLSchema-instance" xsi:noNamespaceSchemaLocation="https://maven.apache.org/surefire/maven-surefire-plugin/xsd/surefire-test-report-3.0.xsd" version="3.0" name="com.mtgs.datastructurealgorithm.array.BinarySearchTest" time="0.057" tests="4" errors="0" skipped="0" failures="0">
  <properties>
[...]
</properties>
  <testcase name="testBinarySearchWorstCase1" classname="com.mtgs.datastructurealgorithm.array.BinarySearchTest" time="0.029"/>
  <testcase name="testBinarySearchWorstCase2" classname="com.mtgs.datastructurealgorithm.array.BinarySearchTest" time="0.001"/>
  <testcase name="testBinarySearchAverage" classname="com.mtgs.datastructurealgorithm.array.BinarySearchTest" time="0.001"/>
  <testcase name="testBinarySearch" classname="com.mtgs.datastructurealgorithm.array.BinarySearchTest" time="0.001"/>
</testsuite>